2020-09-25 11:36:23 - INFO - 6044 - [event_storage_reader.py] - event_storage_reader - 156 - FileStorage_reader -- Initializing from state file: [./data_1601004983940.txt:0]
2020-09-25 11:36:27 - ERROR - 15948 - [event_storage_reader.py] - event_storage_reader - 180 - [WinError 32] 另一个程序正在使用此文件，进程无法访问。: './data_1601004983940.txt'
Traceback (most recent call last):
  File "D:\Project\wthings-gateway\wthings_gateway\storage\event_storage_reader.py", line 175, in delete_read_file
    remove(self.settings.get_data_folder_path() + current_file.file)
PermissionError: [WinError 32] 另一个程序正在使用此文件，进程无法访问。: './data_1601004983940.txt'
2020-09-25 11:36:30 - ERROR - 15948 - [event_storage_reader.py] - event_storage_reader - 180 - [WinError 32] 另一个程序正在使用此文件，进程无法访问。: './data_1601004987379.txt'
Traceback (most recent call last):
  File "D:\Project\wthings-gateway\wthings_gateway\storage\event_storage_reader.py", line 175, in delete_read_file
    remove(self.settings.get_data_folder_path() + current_file.file)
PermissionError: [WinError 32] 另一个程序正在使用此文件，进程无法访问。: './data_1601004987379.txt'
2020-09-25 11:36:33 - ERROR - 15948 - [event_storage_reader.py] - event_storage_reader - 180 - [WinError 32] 另一个程序正在使用此文件，进程无法访问。: './data_1601004990392.txt'
Traceback (most recent call last):
  File "D:\Project\wthings-gateway\wthings_gateway\storage\event_storage_reader.py", line 175, in delete_read_file
    remove(self.settings.get_data_folder_path() + current_file.file)
PermissionError: [WinError 32] 另一个程序正在使用此文件，进程无法访问。: './data_1601004990392.txt'
2020-09-25 11:36:36 - ERROR - 15948 - [event_storage_reader.py] - event_storage_reader - 180 - [WinError 32] 另一个程序正在使用此文件，进程无法访问。: './data_1601004993416.txt'
Traceback (most recent call last):
  File "D:\Project\wthings-gateway\wthings_gateway\storage\event_storage_reader.py", line 175, in delete_read_file
    remove(self.settings.get_data_folder_path() + current_file.file)
PermissionError: [WinError 32] 另一个程序正在使用此文件，进程无法访问。: './data_1601004993416.txt'
2020-09-25 11:36:39 - ERROR - 15948 - [event_storage_reader.py] - event_storage_reader - 180 - [WinError 32] 另一个程序正在使用此文件，进程无法访问。: './data_1601004996478.txt'
Traceback (most recent call last):
  File "D:\Project\wthings-gateway\wthings_gateway\storage\event_storage_reader.py", line 175, in delete_read_file
    remove(self.settings.get_data_folder_path() + current_file.file)
PermissionError: [WinError 32] 另一个程序正在使用此文件，进程无法访问。: './data_1601004996478.txt'
2020-09-25 11:36:40 - ERROR - 3632 - [file_event_storage.py] - file_event_storage - 39 - The number of data files has been exceeded - change the settings or check the connection. New data will be lost.
2020-09-25 11:36:41 - ERROR - 3632 - [file_event_storage.py] - file_event_storage - 39 - The number of data files has been exceeded - change the settings or check the connection. New data will be lost.
2020-09-25 11:36:42 - ERROR - 3632 - [file_event_storage.py] - file_event_storage - 39 - The number of data files has been exceeded - change the settings or check the connection. New data will be lost.
2020-09-25 11:36:43 - ERROR - 3632 - [file_event_storage.py] - file_event_storage - 39 - The number of data files has been exceeded - change the settings or check the connection. New data will be lost.
2020-09-25 11:36:44 - ERROR - 3632 - [file_event_storage.py] - file_event_storage - 39 - The number of data files has been exceeded - change the settings or check the connection. New data will be lost.
2020-09-25 11:36:45 - ERROR - 3632 - [file_event_storage.py] - file_event_storage - 39 - The number of data files has been exceeded - change the settings or check the connection. New data will be lost.
2020-09-25 11:36:46 - ERROR - 3632 - [file_event_storage.py] - file_event_storage - 39 - The number of data files has been exceeded - change the settings or check the connection. New data will be lost.
2020-09-25 11:36:47 - ERROR - 3632 - [file_event_storage.py] - file_event_storage - 39 - The number of data files has been exceeded - change the settings or check the connection. New data will be lost.
2020-09-25 11:36:48 - ERROR - 3632 - [file_event_storage.py] - file_event_storage - 39 - The number of data files has been exceeded - change the settings or check the connection. New data will be lost.
2020-09-25 11:36:49 - ERROR - 3632 - [file_event_storage.py] - file_event_storage - 39 - The number of data files has been exceeded - change the settings or check the connection. New data will be lost.
2020-09-25 11:36:50 - ERROR - 3632 - [file_event_storage.py] - file_event_storage - 39 - The number of data files has been exceeded - change the settings or check the connection. New data will be lost.
2020-09-25 11:36:51 - ERROR - 3632 - [file_event_storage.py] - file_event_storage - 39 - The number of data files has been exceeded - change the settings or check the connection. New data will be lost.
2020-09-25 11:36:52 - ERROR - 3632 - [file_event_storage.py] - file_event_storage - 39 - The number of data files has been exceeded - change the settings or check the connection. New data will be lost.
2020-09-25 11:36:53 - ERROR - 3632 - [file_event_storage.py] - file_event_storage - 39 - The number of data files has been exceeded - change the settings or check the connection. New data will be lost.
2020-09-25 11:36:54 - ERROR - 3632 - [file_event_storage.py] - file_event_storage - 39 - The number of data files has been exceeded - change the settings or check the connection. New data will be lost.
2020-09-25 11:36:55 - ERROR - 3632 - [file_event_storage.py] - file_event_storage - 39 - The number of data files has been exceeded - change the settings or check the connection. New data will be lost.
2020-09-25 11:36:56 - ERROR - 3632 - [file_event_storage.py] - file_event_storage - 39 - The number of data files has been exceeded - change the settings or check the connection. New data will be lost.
2020-09-25 11:36:57 - ERROR - 3632 - [file_event_storage.py] - file_event_storage - 39 - The number of data files has been exceeded - change the settings or check the connection. New data will be lost.
2020-09-25 11:36:58 - ERROR - 3632 - [file_event_storage.py] - file_event_storage - 39 - The number of data files has been exceeded - change the settings or check the connection. New data will be lost.
2020-09-25 11:36:59 - ERROR - 3632 - [file_event_storage.py] - file_event_storage - 39 - The number of data files has been exceeded - change the settings or check the connection. New data will be lost.
2020-09-25 11:37:00 - ERROR - 3632 - [file_event_storage.py] - file_event_storage - 39 - The number of data files has been exceeded - change the settings or check the connection. New data will be lost.
2020-09-25 11:37:01 - ERROR - 3632 - [file_event_storage.py] - file_event_storage - 39 - The number of data files has been exceeded - change the settings or check the connection. New data will be lost.
2020-09-25 11:37:02 - ERROR - 3632 - [file_event_storage.py] - file_event_storage - 39 - The number of data files has been exceeded - change the settings or check the connection. New data will be lost.
2020-09-25 11:37:03 - ERROR - 3632 - [file_event_storage.py] - file_event_storage - 39 - The number of data files has been exceeded - change the settings or check the connection. New data will be lost.
2020-09-25 11:37:04 - ERROR - 3632 - [file_event_storage.py] - file_event_storage - 39 - The number of data files has been exceeded - change the settings or check the connection. New data will be lost.
2020-09-25 11:37:05 - ERROR - 3632 - [file_event_storage.py] - file_event_storage - 39 - The number of data files has been exceeded - change the settings or check the connection. New data will be lost.
2020-09-25 11:37:06 - ERROR - 3632 - [file_event_storage.py] - file_event_storage - 39 - The number of data files has been exceeded - change the settings or check the connection. New data will be lost.
2020-09-25 11:37:07 - ERROR - 3632 - [file_event_storage.py] - file_event_storage - 39 - The number of data files has been exceeded - change the settings or check the connection. New data will be lost.
2020-09-25 11:37:08 - ERROR - 3632 - [file_event_storage.py] - file_event_storage - 39 - The number of data files has been exceeded - change the settings or check the connection. New data will be lost.
2020-09-25 11:37:09 - ERROR - 3632 - [file_event_storage.py] - file_event_storage - 39 - The number of data files has been exceeded - change the settings or check the connection. New data will be lost.
2020-09-25 11:37:10 - ERROR - 3632 - [file_event_storage.py] - file_event_storage - 39 - The number of data files has been exceeded - change the settings or check the connection. New data will be lost.
2020-09-25 11:37:11 - ERROR - 3632 - [file_event_storage.py] - file_event_storage - 39 - The number of data files has been exceeded - change the settings or check the connection. New data will be lost.
2020-09-25 11:37:12 - ERROR - 3632 - [file_event_storage.py] - file_event_storage - 39 - The number of data files has been exceeded - change the settings or check the connection. New data will be lost.
2020-09-25 11:37:13 - ERROR - 3632 - [file_event_storage.py] - file_event_storage - 39 - The number of data files has been exceeded - change the settings or check the connection. New data will be lost.
2020-09-25 11:37:14 - ERROR - 3632 - [file_event_storage.py] - file_event_storage - 39 - The number of data files has been exceeded - change the settings or check the connection. New data will be lost.
2020-09-25 11:37:15 - ERROR - 3632 - [file_event_storage.py] - file_event_storage - 39 - The number of data files has been exceeded - change the settings or check the connection. New data will be lost.
2020-09-25 11:37:16 - ERROR - 3632 - [file_event_storage.py] - file_event_storage - 39 - The number of data files has been exceeded - change the settings or check the connection. New data will be lost.
2020-09-25 11:37:17 - ERROR - 3632 - [file_event_storage.py] - file_event_storage - 39 - The number of data files has been exceeded - change the settings or check the connection. New data will be lost.
2020-09-25 11:37:18 - ERROR - 3632 - [file_event_storage.py] - file_event_storage - 39 - The number of data files has been exceeded - change the settings or check the connection. New data will be lost.
2020-09-25 11:37:19 - ERROR - 3632 - [file_event_storage.py] - file_event_storage - 39 - The number of data files has been exceeded - change the settings or check the connection. New data will be lost.
2020-09-25 11:37:20 - ERROR - 3632 - [file_event_storage.py] - file_event_storage - 39 - The number of data files has been exceeded - change the settings or check the connection. New data will be lost.
2020-09-25 11:37:21 - ERROR - 3632 - [file_event_storage.py] - file_event_storage - 39 - The number of data files has been exceeded - change the settings or check the connection. New data will be lost.
2020-09-25 11:38:22 - INFO - 16264 - [event_storage_reader.py] - event_storage_reader - 156 - FileStorage_reader -- Initializing from state file: [./data/data_1601005102777.txt:0]
2020-09-25 11:41:45 - INFO - 15716 - [event_storage_reader.py] - event_storage_reader - 156 - FileStorage_reader -- Initializing from state file: [./data/data_1601005102777.txt:200]
2020-09-25 11:41:46 - ERROR - 12808 - [event_storage_reader.py] - event_storage_reader - 180 - [WinError 32] 另一个程序正在使用此文件，进程无法访问。: './data/data_1601005102777.txt'
Traceback (most recent call last):
  File "D:\Project\wthings-gateway\wthings_gateway\storage\event_storage_reader.py", line 175, in delete_read_file
    remove(self.settings.get_data_folder_path() + current_file.file)
PermissionError: [WinError 32] 另一个程序正在使用此文件，进程无法访问。: './data/data_1601005102777.txt'
2020-09-25 11:42:07 - INFO - 16344 - [event_storage_reader.py] - event_storage_reader - 156 - FileStorage_reader -- Initializing from state file: [./data/data_1601005306247.txt:16]
2020-09-25 11:43:42 - ERROR - 4748 - [event_storage_reader.py] - event_storage_reader - 180 - [WinError 32] 另一个程序正在使用此文件，进程无法访问。: './data/data_1601005306247.txt'
Traceback (most recent call last):
  File "D:\Project\wthings-gateway\wthings_gateway\storage\event_storage_reader.py", line 175, in delete_read_file
    remove(self.settings.get_data_folder_path() + current_file.file)
PermissionError: [WinError 32] 另一个程序正在使用此文件，进程无法访问。: './data/data_1601005306247.txt'
2020-09-25 11:45:13 - ERROR - 4748 - [event_storage_reader.py] - event_storage_reader - 180 - [WinError 32] 另一个程序正在使用此文件，进程无法访问。: './data/data_1601005412790.txt'
Traceback (most recent call last):
  File "D:\Project\wthings-gateway\wthings_gateway\storage\event_storage_reader.py", line 175, in delete_read_file
    remove(self.settings.get_data_folder_path() + current_file.file)
PermissionError: [WinError 32] 另一个程序正在使用此文件，进程无法访问。: './data/data_1601005412790.txt'
2020-09-25 11:46:54 - ERROR - 4748 - [event_storage_reader.py] - event_storage_reader - 180 - [WinError 32] 另一个程序正在使用此文件，进程无法访问。: './data/data_1601005513474.txt'
Traceback (most recent call last):
  File "D:\Project\wthings-gateway\wthings_gateway\storage\event_storage_reader.py", line 175, in delete_read_file
    remove(self.settings.get_data_folder_path() + current_file.file)
PermissionError: [WinError 32] 另一个程序正在使用此文件，进程无法访问。: './data/data_1601005513474.txt'
2020-09-25 11:48:08 - INFO - 15396 - [event_storage_reader.py] - event_storage_reader - 156 - FileStorage_reader -- Initializing from state file: [./data/data_1601005614080.txt:73]
2020-09-25 11:48:37 - ERROR - 13072 - [event_storage_reader.py] - event_storage_reader - 180 - [WinError 32] 另一个程序正在使用此文件，进程无法访问。: './data/data_1601005614080.txt'
Traceback (most recent call last):
  File "D:\Project\wthings-gateway\wthings_gateway\storage\event_storage_reader.py", line 175, in delete_read_file
    remove(self.settings.get_data_folder_path() + current_file.file)
PermissionError: [WinError 32] 另一个程序正在使用此文件，进程无法访问。: './data/data_1601005614080.txt'
2020-09-25 11:50:41 - INFO - 15676 - [event_storage_reader.py] - event_storage_reader - 156 - FileStorage_reader -- Initializing from state file: [./data/data_1601005716546.txt:4]
2020-09-25 11:55:50 - INFO - 15204 - [event_storage_reader.py] - event_storage_reader - 156 - FileStorage_reader -- Initializing from state file: [./data/data_1601005716546.txt:64]
2020-09-25 11:55:50 - ERROR - 15464 - [event_storage_reader.py] - event_storage_reader - 180 - [WinError 32] 另一个程序正在使用此文件，进程无法访问。: './data/data_1601005716546.txt'
Traceback (most recent call last):
  File "D:\Project\wthings-gateway\wthings_gateway\storage\event_storage_reader.py", line 175, in delete_read_file
    remove(self.settings.get_data_folder_path() + current_file.file)
PermissionError: [WinError 32] 另一个程序正在使用此文件，进程无法访问。: './data/data_1601005716546.txt'
2020-09-25 11:55:50 - ERROR - 15464 - [event_storage_reader.py] - event_storage_reader - 180 - [WinError 32] 另一个程序正在使用此文件，进程无法访问。: './data/data_1601005939000.txt'
Traceback (most recent call last):
  File "D:\Project\wthings-gateway\wthings_gateway\storage\event_storage_reader.py", line 175, in delete_read_file
    remove(self.settings.get_data_folder_path() + current_file.file)
PermissionError: [WinError 32] 另一个程序正在使用此文件，进程无法访问。: './data/data_1601005939000.txt'
2020-09-25 11:55:50 - ERROR - 15464 - [event_storage_reader.py] - event_storage_reader - 180 - [WinError 32] 另一个程序正在使用此文件，进程无法访问。: './data/data_1601006039715.txt'
Traceback (most recent call last):
  File "D:\Project\wthings-gateway\wthings_gateway\storage\event_storage_reader.py", line 175, in delete_read_file
    remove(self.settings.get_data_folder_path() + current_file.file)
PermissionError: [WinError 32] 另一个程序正在使用此文件，进程无法访问。: './data/data_1601006039715.txt'
2020-09-25 11:56:26 - INFO - 16284 - [event_storage_reader.py] - event_storage_reader - 156 - FileStorage_reader -- Initializing from state file: [./data/data_1601006140287.txt:44]
2020-09-25 13:09:04 - INFO - 5024 - [event_storage_reader.py] - event_storage_reader - 156 - FileStorage_reader -- Initializing from state file: [./data/data_1601010544289.txt:0]
2020-09-25 13:22:34 - INFO - 9092 - [event_storage_reader.py] - event_storage_reader - 156 - FileStorage_reader -- Initializing from state file: [./data/data_1601010544289.txt:74]
2020-09-25 13:33:38 - INFO - 14204 - [event_storage_reader.py] - event_storage_reader - 156 - FileStorage_reader -- Initializing from state file: [./data/data_1601010544289.txt:78]
2020-09-25 13:33:50 - INFO - 9928 - [event_storage_reader.py] - event_storage_reader - 156 - FileStorage_reader -- Initializing from state file: [./data/data_1601010544289.txt:80]
2020-09-25 13:42:53 - INFO - 1916 - [event_storage_reader.py] - event_storage_reader - 156 - FileStorage_reader -- Initializing from state file: [./data/data_1601010544289.txt:81]
2020-09-25 13:44:59 - INFO - 15116 - [event_storage_reader.py] - event_storage_reader - 156 - FileStorage_reader -- Initializing from state file: [./data/data_1601010544289.txt:82]
2020-09-25 13:46:46 - INFO - 9812 - [event_storage_reader.py] - event_storage_reader - 156 - FileStorage_reader -- Initializing from state file: [./data/data_1601010544289.txt:85]
2020-09-25 13:53:56 - INFO - 2192 - [event_storage_reader.py] - event_storage_reader - 156 - FileStorage_reader -- Initializing from state file: [./data/data_1601010544289.txt:89]
2020-09-25 13:54:06 - ERROR - 8740 - [event_storage_reader.py] - event_storage_reader - 180 - [WinError 32] 另一个程序正在使用此文件，进程无法访问。: './data/data_1601010544289.txt'
Traceback (most recent call last):
  File "D:\Project\wthings-gateway\wthings_gateway\storage\event_storage_reader.py", line 175, in delete_read_file
    remove(self.settings.get_data_folder_path() + current_file.file)
PermissionError: [WinError 32] 另一个程序正在使用此文件，进程无法访问。: './data/data_1601010544289.txt'
2020-09-25 13:55:11 - INFO - 15500 - [event_storage_reader.py] - event_storage_reader - 156 - FileStorage_reader -- Initializing from state file: [./data/data_1601013246965.txt:62]
2020-09-25 13:57:44 - ERROR - 13436 - [event_storage_reader.py] - event_storage_reader - 180 - [WinError 32] 另一个程序正在使用此文件，进程无法访问。: './data/data_1601013246965.txt'
Traceback (most recent call last):
  File "D:\Project\wthings-gateway\wthings_gateway\storage\event_storage_reader.py", line 175, in delete_read_file
    remove(self.settings.get_data_folder_path() + current_file.file)
PermissionError: [WinError 32] 另一个程序正在使用此文件，进程无法访问。: './data/data_1601013246965.txt'
2020-09-25 13:57:44 - ERROR - 13436 - [event_storage_reader.py] - event_storage_reader - 180 - [WinError 32] 另一个程序正在使用此文件，进程无法访问。: './data/data_1601013349710.txt'
Traceback (most recent call last):
  File "D:\Project\wthings-gateway\wthings_gateway\storage\event_storage_reader.py", line 175, in delete_read_file
    remove(self.settings.get_data_folder_path() + current_file.file)
PermissionError: [WinError 32] 另一个程序正在使用此文件，进程无法访问。: './data/data_1601013349710.txt'
2020-09-25 14:06:07 - INFO - 13436 - [event_storage_reader.py] - event_storage_reader - 156 - FileStorage_reader -- Initializing from state file: [./data/data_1601013450562.txt:22]
2020-09-25 14:06:53 - INFO - 17220 - [event_storage_reader.py] - event_storage_reader - 156 - FileStorage_reader -- Initializing from state file: [./data/data_1601013450562.txt:22]
2020-09-25 14:08:07 - ERROR - 16284 - [event_storage_reader.py] - event_storage_reader - 180 - [WinError 32] 另一个程序正在使用此文件，进程无法访问。: './data/data_1601013450562.txt'
Traceback (most recent call last):
  File "D:\Project\wthings-gateway\wthings_gateway\storage\event_storage_reader.py", line 175, in delete_read_file
    remove(self.settings.get_data_folder_path() + current_file.file)
PermissionError: [WinError 32] 另一个程序正在使用此文件，进程无法访问。: './data/data_1601013450562.txt'
2020-09-25 14:11:23 - ERROR - 16284 - [event_storage_reader.py] - event_storage_reader - 180 - [WinError 32] 另一个程序正在使用此文件，进程无法访问。: './data/data_1601014087129.txt'
Traceback (most recent call last):
  File "D:\Project\wthings-gateway\wthings_gateway\storage\event_storage_reader.py", line 175, in delete_read_file
    remove(self.settings.get_data_folder_path() + current_file.file)
PermissionError: [WinError 32] 另一个程序正在使用此文件，进程无法访问。: './data/data_1601014087129.txt'
2020-09-25 14:11:28 - ERROR - 16284 - [event_storage_reader.py] - event_storage_reader - 180 - [WinError 32] 另一个程序正在使用此文件，进程无法访问。: './data/data_1601014187737.txt'
Traceback (most recent call last):
  File "D:\Project\wthings-gateway\wthings_gateway\storage\event_storage_reader.py", line 175, in delete_read_file
    remove(self.settings.get_data_folder_path() + current_file.file)
PermissionError: [WinError 32] 另一个程序正在使用此文件，进程无法访问。: './data/data_1601014187737.txt'
2020-09-25 14:13:08 - ERROR - 16284 - [event_storage_reader.py] - event_storage_reader - 180 - [WinError 32] 另一个程序正在使用此文件，进程无法访问。: './data/data_1601014288334.txt'
Traceback (most recent call last):
  File "D:\Project\wthings-gateway\wthings_gateway\storage\event_storage_reader.py", line 175, in delete_read_file
    remove(self.settings.get_data_folder_path() + current_file.file)
PermissionError: [WinError 32] 另一个程序正在使用此文件，进程无法访问。: './data/data_1601014288334.txt'
2020-09-25 14:16:38 - ERROR - 16284 - [event_storage_reader.py] - event_storage_reader - 180 - [WinError 32] 另一个程序正在使用此文件，进程无法访问。: './data/data_1601014388909.txt'
Traceback (most recent call last):
  File "D:\Project\wthings-gateway\wthings_gateway\storage\event_storage_reader.py", line 175, in delete_read_file
    remove(self.settings.get_data_folder_path() + current_file.file)
PermissionError: [WinError 32] 另一个程序正在使用此文件，进程无法访问。: './data/data_1601014388909.txt'
2020-09-25 14:16:38 - ERROR - 16284 - [event_storage_reader.py] - event_storage_reader - 180 - [WinError 32] 另一个程序正在使用此文件，进程无法访问。: './data/data_1601014489527.txt'
Traceback (most recent call last):
  File "D:\Project\wthings-gateway\wthings_gateway\storage\event_storage_reader.py", line 175, in delete_read_file
    remove(self.settings.get_data_folder_path() + current_file.file)
PermissionError: [WinError 32] 另一个程序正在使用此文件，进程无法访问。: './data/data_1601014489527.txt'
2020-09-25 14:18:10 - ERROR - 16284 - [event_storage_reader.py] - event_storage_reader - 180 - [WinError 32] 另一个程序正在使用此文件，进程无法访问。: './data/data_1601014590219.txt'
Traceback (most recent call last):
  File "D:\Project\wthings-gateway\wthings_gateway\storage\event_storage_reader.py", line 175, in delete_read_file
    remove(self.settings.get_data_folder_path() + current_file.file)
PermissionError: [WinError 32] 另一个程序正在使用此文件，进程无法访问。: './data/data_1601014590219.txt'
2020-09-25 14:18:11 - ERROR - 9772 - [file_event_storage.py] - file_event_storage - 40 - The number of data files has been exceeded - change the settings or check the connection. New data will be lost.
2020-09-25 14:18:12 - ERROR - 9772 - [file_event_storage.py] - file_event_storage - 40 - The number of data files has been exceeded - change the settings or check the connection. New data will be lost.
2020-09-25 14:18:13 - ERROR - 9772 - [file_event_storage.py] - file_event_storage - 40 - The number of data files has been exceeded - change the settings or check the connection. New data will be lost.
2020-09-25 14:18:14 - ERROR - 9772 - [file_event_storage.py] - file_event_storage - 40 - The number of data files has been exceeded - change the settings or check the connection. New data will be lost.
2020-09-25 14:18:15 - ERROR - 9772 - [file_event_storage.py] - file_event_storage - 40 - The number of data files has been exceeded - change the settings or check the connection. New data will be lost.
2020-09-25 14:18:16 - ERROR - 9772 - [file_event_storage.py] - file_event_storage - 40 - The number of data files has been exceeded - change the settings or check the connection. New data will be lost.
2020-09-25 14:18:17 - ERROR - 9772 - [file_event_storage.py] - file_event_storage - 40 - The number of data files has been exceeded - change the settings or check the connection. New data will be lost.
2020-09-25 14:18:18 - ERROR - 9772 - [file_event_storage.py] - file_event_storage - 40 - The number of data files has been exceeded - change the settings or check the connection. New data will be lost.
2020-09-25 14:18:19 - ERROR - 9772 - [file_event_storage.py] - file_event_storage - 40 - The number of data files has been exceeded - change the settings or check the connection. New data will be lost.
2020-09-25 14:18:20 - ERROR - 9772 - [file_event_storage.py] - file_event_storage - 40 - The number of data files has been exceeded - change the settings or check the connection. New data will be lost.
2020-09-25 14:18:21 - ERROR - 9772 - [file_event_storage.py] - file_event_storage - 40 - The number of data files has been exceeded - change the settings or check the connection. New data will be lost.
2020-09-25 14:18:22 - ERROR - 9772 - [file_event_storage.py] - file_event_storage - 40 - The number of data files has been exceeded - change the settings or check the connection. New data will be lost.
2020-09-25 14:18:23 - ERROR - 9772 - [file_event_storage.py] - file_event_storage - 40 - The number of data files has been exceeded - change the settings or check the connection. New data will be lost.
2020-09-25 14:18:24 - ERROR - 9772 - [file_event_storage.py] - file_event_storage - 40 - The number of data files has been exceeded - change the settings or check the connection. New data will be lost.
2020-09-25 14:18:25 - ERROR - 9772 - [file_event_storage.py] - file_event_storage - 40 - The number of data files has been exceeded - change the settings or check the connection. New data will be lost.
2020-09-25 14:18:26 - ERROR - 9772 - [file_event_storage.py] - file_event_storage - 40 - The number of data files has been exceeded - change the settings or check the connection. New data will be lost.
2020-09-25 14:18:27 - ERROR - 9772 - [file_event_storage.py] - file_event_storage - 40 - The number of data files has been exceeded - change the settings or check the connection. New data will be lost.
2020-09-25 14:18:28 - ERROR - 9772 - [file_event_storage.py] - file_event_storage - 40 - The number of data files has been exceeded - change the settings or check the connection. New data will be lost.
2020-09-25 14:18:29 - ERROR - 9772 - [file_event_storage.py] - file_event_storage - 40 - The number of data files has been exceeded - change the settings or check the connection. New data will be lost.
2020-09-25 14:18:30 - ERROR - 9772 - [file_event_storage.py] - file_event_storage - 40 - The number of data files has been exceeded - change the settings or check the connection. New data will be lost.
2020-09-25 14:18:31 - ERROR - 9772 - [file_event_storage.py] - file_event_storage - 40 - The number of data files has been exceeded - change the settings or check the connection. New data will be lost.
2020-09-25 14:18:32 - ERROR - 9772 - [file_event_storage.py] - file_event_storage - 40 - The number of data files has been exceeded - change the settings or check the connection. New data will be lost.
2020-09-25 14:18:33 - ERROR - 9772 - [file_event_storage.py] - file_event_storage - 40 - The number of data files has been exceeded - change the settings or check the connection. New data will be lost.
2020-09-25 14:18:34 - ERROR - 9772 - [file_event_storage.py] - file_event_storage - 40 - The number of data files has been exceeded - change the settings or check the connection. New data will be lost.
2020-09-25 14:18:35 - ERROR - 9772 - [file_event_storage.py] - file_event_storage - 40 - The number of data files has been exceeded - change the settings or check the connection. New data will be lost.
2020-09-25 14:18:36 - ERROR - 9772 - [file_event_storage.py] - file_event_storage - 40 - The number of data files has been exceeded - change the settings or check the connection. New data will be lost.
2020-09-25 14:18:37 - ERROR - 9772 - [file_event_storage.py] - file_event_storage - 40 - The number of data files has been exceeded - change the settings or check the connection. New data will be lost.
2020-09-25 14:18:38 - ERROR - 9772 - [file_event_storage.py] - file_event_storage - 40 - The number of data files has been exceeded - change the settings or check the connection. New data will be lost.
2020-09-25 14:18:39 - ERROR - 9772 - [file_event_storage.py] - file_event_storage - 40 - The number of data files has been exceeded - change the settings or check the connection. New data will be lost.
2020-09-25 14:18:40 - ERROR - 9772 - [file_event_storage.py] - file_event_storage - 40 - The number of data files has been exceeded - change the settings or check the connection. New data will be lost.
2020-09-25 14:18:41 - ERROR - 9772 - [file_event_storage.py] - file_event_storage - 40 - The number of data files has been exceeded - change the settings or check the connection. New data will be lost.
2020-09-25 14:18:42 - ERROR - 9772 - [file_event_storage.py] - file_event_storage - 40 - The number of data files has been exceeded - change the settings or check the connection. New data will be lost.
2020-09-25 14:18:44 - ERROR - 9772 - [file_event_storage.py] - file_event_storage - 40 - The number of data files has been exceeded - change the settings or check the connection. New data will be lost.
2020-09-25 14:18:45 - ERROR - 9772 - [file_event_storage.py] - file_event_storage - 40 - The number of data files has been exceeded - change the settings or check the connection. New data will be lost.
2020-09-25 14:18:46 - ERROR - 9772 - [file_event_storage.py] - file_event_storage - 40 - The number of data files has been exceeded - change the settings or check the connection. New data will be lost.
2020-09-25 14:18:47 - ERROR - 9772 - [file_event_storage.py] - file_event_storage - 40 - The number of data files has been exceeded - change the settings or check the connection. New data will be lost.
2020-09-25 14:18:48 - ERROR - 9772 - [file_event_storage.py] - file_event_storage - 40 - The number of data files has been exceeded - change the settings or check the connection. New data will be lost.
2020-09-25 14:18:49 - ERROR - 9772 - [file_event_storage.py] - file_event_storage - 40 - The number of data files has been exceeded - change the settings or check the connection. New data will be lost.
2020-09-25 14:18:50 - ERROR - 9772 - [file_event_storage.py] - file_event_storage - 40 - The number of data files has been exceeded - change the settings or check the connection. New data will be lost.
2020-09-25 14:18:51 - ERROR - 9772 - [file_event_storage.py] - file_event_storage - 40 - The number of data files has been exceeded - change the settings or check the connection. New data will be lost.
2020-09-25 14:18:52 - ERROR - 9772 - [file_event_storage.py] - file_event_storage - 40 - The number of data files has been exceeded - change the settings or check the connection. New data will be lost.
2020-09-25 14:18:53 - ERROR - 9772 - [file_event_storage.py] - file_event_storage - 40 - The number of data files has been exceeded - change the settings or check the connection. New data will be lost.
2020-09-25 14:18:54 - ERROR - 9772 - [file_event_storage.py] - file_event_storage - 40 - The number of data files has been exceeded - change the settings or check the connection. New data will be lost.
2020-09-25 14:18:55 - ERROR - 9772 - [file_event_storage.py] - file_event_storage - 40 - The number of data files has been exceeded - change the settings or check the connection. New data will be lost.
2020-09-25 14:18:56 - ERROR - 9772 - [file_event_storage.py] - file_event_storage - 40 - The number of data files has been exceeded - change the settings or check the connection. New data will be lost.
2020-09-25 14:18:57 - ERROR - 9772 - [file_event_storage.py] - file_event_storage - 40 - The number of data files has been exceeded - change the settings or check the connection. New data will be lost.
2020-09-25 14:18:58 - ERROR - 9772 - [file_event_storage.py] - file_event_storage - 40 - The number of data files has been exceeded - change the settings or check the connection. New data will be lost.
2020-09-25 14:18:59 - ERROR - 9772 - [file_event_storage.py] - file_event_storage - 40 - The number of data files has been exceeded - change the settings or check the connection. New data will be lost.
2020-09-25 14:19:00 - ERROR - 9772 - [file_event_storage.py] - file_event_storage - 40 - The number of data files has been exceeded - change the settings or check the connection. New data will be lost.
2020-09-25 14:19:01 - ERROR - 9772 - [file_event_storage.py] - file_event_storage - 40 - The number of data files has been exceeded - change the settings or check the connection. New data will be lost.
2020-09-25 14:19:02 - ERROR - 9772 - [file_event_storage.py] - file_event_storage - 40 - The number of data files has been exceeded - change the settings or check the connection. New data will be lost.
2020-09-25 14:19:03 - ERROR - 9772 - [file_event_storage.py] - file_event_storage - 40 - The number of data files has been exceeded - change the settings or check the connection. New data will be lost.
2020-09-25 14:19:04 - ERROR - 9772 - [file_event_storage.py] - file_event_storage - 40 - The number of data files has been exceeded - change the settings or check the connection. New data will be lost.
2020-09-25 14:19:05 - ERROR - 9772 - [file_event_storage.py] - file_event_storage - 40 - The number of data files has been exceeded - change the settings or check the connection. New data will be lost.
2020-09-25 14:19:06 - ERROR - 9772 - [file_event_storage.py] - file_event_storage - 40 - The number of data files has been exceeded - change the settings or check the connection. New data will be lost.
2020-09-25 14:19:07 - ERROR - 9772 - [file_event_storage.py] - file_event_storage - 40 - The number of data files has been exceeded - change the settings or check the connection. New data will be lost.
2020-09-25 14:19:08 - ERROR - 9772 - [file_event_storage.py] - file_event_storage - 40 - The number of data files has been exceeded - change the settings or check the connection. New data will be lost.
2020-09-25 14:19:09 - ERROR - 9772 - [file_event_storage.py] - file_event_storage - 40 - The number of data files has been exceeded - change the settings or check the connection. New data will be lost.
2020-09-25 14:19:10 - ERROR - 9772 - [file_event_storage.py] - file_event_storage - 40 - The number of data files has been exceeded - change the settings or check the connection. New data will be lost.
2020-09-25 14:19:11 - ERROR - 9772 - [file_event_storage.py] - file_event_storage - 40 - The number of data files has been exceeded - change the settings or check the connection. New data will be lost.
2020-09-25 14:19:12 - ERROR - 9772 - [file_event_storage.py] - file_event_storage - 40 - The number of data files has been exceeded - change the settings or check the connection. New data will be lost.
2020-09-25 14:19:13 - ERROR - 9772 - [file_event_storage.py] - file_event_storage - 40 - The number of data files has been exceeded - change the settings or check the connection. New data will be lost.
2020-09-25 14:19:14 - ERROR - 9772 - [file_event_storage.py] - file_event_storage - 40 - The number of data files has been exceeded - change the settings or check the connection. New data will be lost.
2020-09-25 14:19:15 - ERROR - 9772 - [file_event_storage.py] - file_event_storage - 40 - The number of data files has been exceeded - change the settings or check the connection. New data will be lost.
2020-09-25 14:19:16 - ERROR - 9772 - [file_event_storage.py] - file_event_storage - 40 - The number of data files has been exceeded - change the settings or check the connection. New data will be lost.
2020-09-25 14:19:17 - ERROR - 9772 - [file_event_storage.py] - file_event_storage - 40 - The number of data files has been exceeded - change the settings or check the connection. New data will be lost.
2020-09-25 14:19:18 - ERROR - 9772 - [file_event_storage.py] - file_event_storage - 40 - The number of data files has been exceeded - change the settings or check the connection. New data will be lost.
2020-09-25 14:19:19 - ERROR - 9772 - [file_event_storage.py] - file_event_storage - 40 - The number of data files has been exceeded - change the settings or check the connection. New data will be lost.
2020-09-25 14:19:20 - ERROR - 9772 - [file_event_storage.py] - file_event_storage - 40 - The number of data files has been exceeded - change the settings or check the connection. New data will be lost.
2020-09-25 14:19:21 - ERROR - 9772 - [file_event_storage.py] - file_event_storage - 40 - The number of data files has been exceeded - change the settings or check the connection. New data will be lost.
2020-09-25 14:19:22 - ERROR - 9772 - [file_event_storage.py] - file_event_storage - 40 - The number of data files has been exceeded - change the settings or check the connection. New data will be lost.
2020-09-25 14:19:23 - ERROR - 9772 - [file_event_storage.py] - file_event_storage - 40 - The number of data files has been exceeded - change the settings or check the connection. New data will be lost.
2020-09-25 14:19:24 - ERROR - 9772 - [file_event_storage.py] - file_event_storage - 40 - The number of data files has been exceeded - change the settings or check the connection. New data will be lost.
2020-09-25 14:19:25 - ERROR - 9772 - [file_event_storage.py] - file_event_storage - 40 - The number of data files has been exceeded - change the settings or check the connection. New data will be lost.
2020-09-25 14:19:26 - ERROR - 9772 - [file_event_storage.py] - file_event_storage - 40 - The number of data files has been exceeded - change the settings or check the connection. New data will be lost.
2020-09-25 14:19:27 - ERROR - 9772 - [file_event_storage.py] - file_event_storage - 40 - The number of data files has been exceeded - change the settings or check the connection. New data will be lost.
2020-09-25 14:19:28 - ERROR - 9772 - [file_event_storage.py] - file_event_storage - 40 - The number of data files has been exceeded - change the settings or check the connection. New data will be lost.
2020-09-25 14:19:29 - ERROR - 9772 - [file_event_storage.py] - file_event_storage - 40 - The number of data files has been exceeded - change the settings or check the connection. New data will be lost.
2020-09-25 14:19:30 - ERROR - 9772 - [file_event_storage.py] - file_event_storage - 40 - The number of data files has been exceeded - change the settings or check the connection. New data will be lost.
2020-09-25 14:19:31 - ERROR - 9772 - [file_event_storage.py] - file_event_storage - 40 - The number of data files has been exceeded - change the settings or check the connection. New data will be lost.
2020-09-25 14:19:32 - ERROR - 9772 - [file_event_storage.py] - file_event_storage - 40 - The number of data files has been exceeded - change the settings or check the connection. New data will be lost.
2020-09-25 14:19:33 - ERROR - 9772 - [file_event_storage.py] - file_event_storage - 40 - The number of data files has been exceeded - change the settings or check the connection. New data will be lost.
2020-09-25 14:19:34 - ERROR - 9772 - [file_event_storage.py] - file_event_storage - 40 - The number of data files has been exceeded - change the settings or check the connection. New data will be lost.
2020-09-25 14:19:35 - ERROR - 9772 - [file_event_storage.py] - file_event_storage - 40 - The number of data files has been exceeded - change the settings or check the connection. New data will be lost.
2020-09-25 14:19:36 - ERROR - 9772 - [file_event_storage.py] - file_event_storage - 40 - The number of data files has been exceeded - change the settings or check the connection. New data will be lost.
2020-09-25 14:19:37 - ERROR - 9772 - [file_event_storage.py] - file_event_storage - 40 - The number of data files has been exceeded - change the settings or check the connection. New data will be lost.
2020-09-25 14:19:38 - ERROR - 9772 - [file_event_storage.py] - file_event_storage - 40 - The number of data files has been exceeded - change the settings or check the connection. New data will be lost.
2020-09-25 14:19:39 - ERROR - 9772 - [file_event_storage.py] - file_event_storage - 40 - The number of data files has been exceeded - change the settings or check the connection. New data will be lost.
2020-09-25 14:19:40 - ERROR - 9772 - [file_event_storage.py] - file_event_storage - 40 - The number of data files has been exceeded - change the settings or check the connection. New data will be lost.
2020-09-25 14:19:41 - ERROR - 9772 - [file_event_storage.py] - file_event_storage - 40 - The number of data files has been exceeded - change the settings or check the connection. New data will be lost.
2020-09-25 14:19:42 - ERROR - 9772 - [file_event_storage.py] - file_event_storage - 40 - The number of data files has been exceeded - change the settings or check the connection. New data will be lost.
2020-09-25 14:19:43 - ERROR - 9772 - [file_event_storage.py] - file_event_storage - 40 - The number of data files has been exceeded - change the settings or check the connection. New data will be lost.
2020-09-25 14:19:44 - ERROR - 9772 - [file_event_storage.py] - file_event_storage - 40 - The number of data files has been exceeded - change the settings or check the connection. New data will be lost.
2020-09-25 14:19:45 - ERROR - 9772 - [file_event_storage.py] - file_event_storage - 40 - The number of data files has been exceeded - change the settings or check the connection. New data will be lost.
2020-09-25 14:19:46 - ERROR - 9772 - [file_event_storage.py] - file_event_storage - 40 - The number of data files has been exceeded - change the settings or check the connection. New data will be lost.
2020-09-25 14:19:47 - ERROR - 9772 - [file_event_storage.py] - file_event_storage - 40 - The number of data files has been exceeded - change the settings or check the connection. New data will be lost.
2020-09-25 14:19:48 - ERROR - 9772 - [file_event_storage.py] - file_event_storage - 40 - The number of data files has been exceeded - change the settings or check the connection. New data will be lost.
2020-09-25 14:19:49 - ERROR - 9772 - [file_event_storage.py] - file_event_storage - 40 - The number of data files has been exceeded - change the settings or check the connection. New data will be lost.
2020-09-25 14:19:50 - ERROR - 9772 - [file_event_storage.py] - file_event_storage - 40 - The number of data files has been exceeded - change the settings or check the connection. New data will be lost.
2020-09-25 14:19:51 - ERROR - 9772 - [file_event_storage.py] - file_event_storage - 40 - The number of data files has been exceeded - change the settings or check the connection. New data will be lost.
2020-09-25 14:19:52 - ERROR - 9772 - [file_event_storage.py] - file_event_storage - 40 - The number of data files has been exceeded - change the settings or check the connection. New data will be lost.
2020-09-25 14:19:53 - ERROR - 9772 - [file_event_storage.py] - file_event_storage - 40 - The number of data files has been exceeded - change the settings or check the connection. New data will be lost.
2020-09-25 14:19:54 - ERROR - 9772 - [file_event_storage.py] - file_event_storage - 40 - The number of data files has been exceeded - change the settings or check the connection. New data will be lost.
2020-09-25 14:19:55 - ERROR - 9772 - [file_event_storage.py] - file_event_storage - 40 - The number of data files has been exceeded - change the settings or check the connection. New data will be lost.
2020-09-25 14:19:56 - ERROR - 9772 - [file_event_storage.py] - file_event_storage - 40 - The number of data files has been exceeded - change the settings or check the connection. New data will be lost.
2020-09-25 14:19:57 - ERROR - 9772 - [file_event_storage.py] - file_event_storage - 40 - The number of data files has been exceeded - change the settings or check the connection. New data will be lost.
2020-09-25 14:19:58 - ERROR - 9772 - [file_event_storage.py] - file_event_storage - 40 - The number of data files has been exceeded - change the settings or check the connection. New data will be lost.
2020-09-25 14:19:59 - ERROR - 9772 - [file_event_storage.py] - file_event_storage - 40 - The number of data files has been exceeded - change the settings or check the connection. New data will be lost.
2020-09-25 14:20:00 - ERROR - 9772 - [file_event_storage.py] - file_event_storage - 40 - The number of data files has been exceeded - change the settings or check the connection. New data will be lost.
2020-09-25 14:20:01 - ERROR - 9772 - [file_event_storage.py] - file_event_storage - 40 - The number of data files has been exceeded - change the settings or check the connection. New data will be lost.
2020-09-25 14:20:02 - ERROR - 9772 - [file_event_storage.py] - file_event_storage - 40 - The number of data files has been exceeded - change the settings or check the connection. New data will be lost.
2020-09-25 14:20:03 - ERROR - 9772 - [file_event_storage.py] - file_event_storage - 40 - The number of data files has been exceeded - change the settings or check the connection. New data will be lost.
2020-09-25 14:20:04 - ERROR - 9772 - [file_event_storage.py] - file_event_storage - 40 - The number of data files has been exceeded - change the settings or check the connection. New data will be lost.
2020-09-25 14:20:05 - ERROR - 9772 - [file_event_storage.py] - file_event_storage - 40 - The number of data files has been exceeded - change the settings or check the connection. New data will be lost.
2020-09-25 14:20:06 - ERROR - 9772 - [file_event_storage.py] - file_event_storage - 40 - The number of data files has been exceeded - change the settings or check the connection. New data will be lost.
2020-09-25 14:20:07 - ERROR - 9772 - [file_event_storage.py] - file_event_storage - 40 - The number of data files has been exceeded - change the settings or check the connection. New data will be lost.
2020-09-25 14:20:08 - ERROR - 9772 - [file_event_storage.py] - file_event_storage - 40 - The number of data files has been exceeded - change the settings or check the connection. New data will be lost.
2020-09-25 14:20:09 - ERROR - 9772 - [file_event_storage.py] - file_event_storage - 40 - The number of data files has been exceeded - change the settings or check the connection. New data will be lost.
2020-09-25 14:20:10 - ERROR - 9772 - [file_event_storage.py] - file_event_storage - 40 - The number of data files has been exceeded - change the settings or check the connection. New data will be lost.
2020-09-25 14:20:11 - ERROR - 9772 - [file_event_storage.py] - file_event_storage - 40 - The number of data files has been exceeded - change the settings or check the connection. New data will be lost.
2020-09-25 14:20:12 - ERROR - 9772 - [file_event_storage.py] - file_event_storage - 40 - The number of data files has been exceeded - change the settings or check the connection. New data will be lost.
2020-09-25 14:20:13 - ERROR - 9772 - [file_event_storage.py] - file_event_storage - 40 - The number of data files has been exceeded - change the settings or check the connection. New data will be lost.
2020-09-25 14:20:14 - ERROR - 9772 - [file_event_storage.py] - file_event_storage - 40 - The number of data files has been exceeded - change the settings or check the connection. New data will be lost.
2020-09-25 14:20:15 - ERROR - 9772 - [file_event_storage.py] - file_event_storage - 40 - The number of data files has been exceeded - change the settings or check the connection. New data will be lost.
2020-09-25 14:20:16 - ERROR - 9772 - [file_event_storage.py] - file_event_storage - 40 - The number of data files has been exceeded - change the settings or check the connection. New data will be lost.
2020-09-25 14:20:17 - ERROR - 9772 - [file_event_storage.py] - file_event_storage - 40 - The number of data files has been exceeded - change the settings or check the connection. New data will be lost.
2020-09-25 14:20:18 - ERROR - 9772 - [file_event_storage.py] - file_event_storage - 40 - The number of data files has been exceeded - change the settings or check the connection. New data will be lost.
2020-09-25 14:20:19 - ERROR - 9772 - [file_event_storage.py] - file_event_storage - 40 - The number of data files has been exceeded - change the settings or check the connection. New data will be lost.
2020-09-25 14:20:20 - ERROR - 9772 - [file_event_storage.py] - file_event_storage - 40 - The number of data files has been exceeded - change the settings or check the connection. New data will be lost.
2020-09-25 14:20:21 - ERROR - 9772 - [file_event_storage.py] - file_event_storage - 40 - The number of data files has been exceeded - change the settings or check the connection. New data will be lost.
2020-09-25 14:20:22 - ERROR - 9772 - [file_event_storage.py] - file_event_storage - 40 - The number of data files has been exceeded - change the settings or check the connection. New data will be lost.
2020-09-25 14:20:23 - ERROR - 9772 - [file_event_storage.py] - file_event_storage - 40 - The number of data files has been exceeded - change the settings or check the connection. New data will be lost.
2020-09-25 14:20:24 - ERROR - 9772 - [file_event_storage.py] - file_event_storage - 40 - The number of data files has been exceeded - change the settings or check the connection. New data will be lost.
2020-09-25 14:20:25 - ERROR - 9772 - [file_event_storage.py] - file_event_storage - 40 - The number of data files has been exceeded - change the settings or check the connection. New data will be lost.
2020-09-25 14:20:26 - ERROR - 9772 - [file_event_storage.py] - file_event_storage - 40 - The number of data files has been exceeded - change the settings or check the connection. New data will be lost.
2020-09-25 14:20:27 - ERROR - 9772 - [file_event_storage.py] - file_event_storage - 40 - The number of data files has been exceeded - change the settings or check the connection. New data will be lost.
2020-09-25 14:20:28 - ERROR - 9772 - [file_event_storage.py] - file_event_storage - 40 - The number of data files has been exceeded - change the settings or check the connection. New data will be lost.
2020-09-25 14:20:29 - ERROR - 9772 - [file_event_storage.py] - file_event_storage - 40 - The number of data files has been exceeded - change the settings or check the connection. New data will be lost.
2020-09-25 14:20:30 - ERROR - 9772 - [file_event_storage.py] - file_event_storage - 40 - The number of data files has been exceeded - change the settings or check the connection. New data will be lost.
2020-09-25 14:20:31 - ERROR - 9772 - [file_event_storage.py] - file_event_storage - 40 - The number of data files has been exceeded - change the settings or check the connection. New data will be lost.
2020-09-25 14:20:32 - ERROR - 9772 - [file_event_storage.py] - file_event_storage - 40 - The number of data files has been exceeded - change the settings or check the connection. New data will be lost.
2020-09-25 14:20:33 - ERROR - 9772 - [file_event_storage.py] - file_event_storage - 40 - The number of data files has been exceeded - change the settings or check the connection. New data will be lost.
2020-09-25 14:20:34 - ERROR - 9772 - [file_event_storage.py] - file_event_storage - 40 - The number of data files has been exceeded - change the settings or check the connection. New data will be lost.
2020-09-25 14:20:35 - ERROR - 9772 - [file_event_storage.py] - file_event_storage - 40 - The number of data files has been exceeded - change the settings or check the connection. New data will be lost.
2020-09-25 14:20:36 - ERROR - 9772 - [file_event_storage.py] - file_event_storage - 40 - The number of data files has been exceeded - change the settings or check the connection. New data will be lost.
2020-09-25 14:20:37 - ERROR - 9772 - [file_event_storage.py] - file_event_storage - 40 - The number of data files has been exceeded - change the settings or check the connection. New data will be lost.
2020-09-25 14:20:38 - ERROR - 9772 - [file_event_storage.py] - file_event_storage - 40 - The number of data files has been exceeded - change the settings or check the connection. New data will be lost.
2020-09-25 14:20:39 - ERROR - 9772 - [file_event_storage.py] - file_event_storage - 40 - The number of data files has been exceeded - change the settings or check the connection. New data will be lost.
2020-09-25 14:20:40 - ERROR - 9772 - [file_event_storage.py] - file_event_storage - 40 - The number of data files has been exceeded - change the settings or check the connection. New data will be lost.
2020-09-25 14:20:41 - ERROR - 9772 - [file_event_storage.py] - file_event_storage - 40 - The number of data files has been exceeded - change the settings or check the connection. New data will be lost.
2020-09-25 14:20:42 - ERROR - 9772 - [file_event_storage.py] - file_event_storage - 40 - The number of data files has been exceeded - change the settings or check the connection. New data will be lost.
2020-09-25 14:20:43 - ERROR - 9772 - [file_event_storage.py] - file_event_storage - 40 - The number of data files has been exceeded - change the settings or check the connection. New data will be lost.
2020-09-25 14:20:44 - ERROR - 9772 - [file_event_storage.py] - file_event_storage - 40 - The number of data files has been exceeded - change the settings or check the connection. New data will be lost.
2020-09-25 14:20:45 - ERROR - 9772 - [file_event_storage.py] - file_event_storage - 40 - The number of data files has been exceeded - change the settings or check the connection. New data will be lost.
2020-09-25 14:20:46 - ERROR - 9772 - [file_event_storage.py] - file_event_storage - 40 - The number of data files has been exceeded - change the settings or check the connection. New data will be lost.
2020-09-25 14:20:47 - ERROR - 9772 - [file_event_storage.py] - file_event_storage - 40 - The number of data files has been exceeded - change the settings or check the connection. New data will be lost.
2020-09-25 14:20:48 - ERROR - 9772 - [file_event_storage.py] - file_event_storage - 40 - The number of data files has been exceeded - change the settings or check the connection. New data will be lost.
2020-09-25 14:20:49 - ERROR - 9772 - [file_event_storage.py] - file_event_storage - 40 - The number of data files has been exceeded - change the settings or check the connection. New data will be lost.
2020-09-25 14:20:50 - ERROR - 9772 - [file_event_storage.py] - file_event_storage - 40 - The number of data files has been exceeded - change the settings or check the connection. New data will be lost.
2020-09-25 14:20:51 - ERROR - 9772 - [file_event_storage.py] - file_event_storage - 40 - The number of data files has been exceeded - change the settings or check the connection. New data will be lost.
2020-09-25 14:20:52 - ERROR - 9772 - [file_event_storage.py] - file_event_storage - 40 - The number of data files has been exceeded - change the settings or check the connection. New data will be lost.
2020-09-25 14:20:53 - ERROR - 9772 - [file_event_storage.py] - file_event_storage - 40 - The number of data files has been exceeded - change the settings or check the connection. New data will be lost.
2020-09-25 14:20:54 - ERROR - 9772 - [file_event_storage.py] - file_event_storage - 40 - The number of data files has been exceeded - change the settings or check the connection. New data will be lost.
2020-09-25 14:20:55 - ERROR - 9772 - [file_event_storage.py] - file_event_storage - 40 - The number of data files has been exceeded - change the settings or check the connection. New data will be lost.
2020-09-25 14:20:56 - ERROR - 9772 - [file_event_storage.py] - file_event_storage - 40 - The number of data files has been exceeded - change the settings or check the connection. New data will be lost.
2020-09-25 14:20:57 - ERROR - 9772 - [file_event_storage.py] - file_event_storage - 40 - The number of data files has been exceeded - change the settings or check the connection. New data will be lost.
2020-09-25 14:20:58 - ERROR - 9772 - [file_event_storage.py] - file_event_storage - 40 - The number of data files has been exceeded - change the settings or check the connection. New data will be lost.
2020-09-25 14:20:59 - ERROR - 9772 - [file_event_storage.py] - file_event_storage - 40 - The number of data files has been exceeded - change the settings or check the connection. New data will be lost.
2020-09-25 14:21:00 - ERROR - 9772 - [file_event_storage.py] - file_event_storage - 40 - The number of data files has been exceeded - change the settings or check the connection. New data will be lost.
2020-09-25 14:21:01 - ERROR - 9772 - [file_event_storage.py] - file_event_storage - 40 - The number of data files has been exceeded - change the settings or check the connection. New data will be lost.
2020-09-25 14:21:02 - ERROR - 9772 - [file_event_storage.py] - file_event_storage - 40 - The number of data files has been exceeded - change the settings or check the connection. New data will be lost.
2020-09-25 14:21:03 - ERROR - 9772 - [file_event_storage.py] - file_event_storage - 40 - The number of data files has been exceeded - change the settings or check the connection. New data will be lost.
2020-09-25 14:21:04 - ERROR - 9772 - [file_event_storage.py] - file_event_storage - 40 - The number of data files has been exceeded - change the settings or check the connection. New data will be lost.
2020-09-25 14:21:05 - ERROR - 9772 - [file_event_storage.py] - file_event_storage - 40 - The number of data files has been exceeded - change the settings or check the connection. New data will be lost.
2020-09-25 14:21:06 - ERROR - 9772 - [file_event_storage.py] - file_event_storage - 40 - The number of data files has been exceeded - change the settings or check the connection. New data will be lost.
2020-09-25 14:21:07 - ERROR - 9772 - [file_event_storage.py] - file_event_storage - 40 - The number of data files has been exceeded - change the settings or check the connection. New data will be lost.
2020-09-25 14:21:08 - ERROR - 9772 - [file_event_storage.py] - file_event_storage - 40 - The number of data files has been exceeded - change the settings or check the connection. New data will be lost.
2020-09-25 14:21:09 - ERROR - 9772 - [file_event_storage.py] - file_event_storage - 40 - The number of data files has been exceeded - change the settings or check the connection. New data will be lost.
2020-09-25 14:21:10 - ERROR - 9772 - [file_event_storage.py] - file_event_storage - 40 - The number of data files has been exceeded - change the settings or check the connection. New data will be lost.
2020-09-25 14:21:11 - ERROR - 9772 - [file_event_storage.py] - file_event_storage - 40 - The number of data files has been exceeded - change the settings or check the connection. New data will be lost.
2020-09-25 14:21:12 - ERROR - 9772 - [file_event_storage.py] - file_event_storage - 40 - The number of data files has been exceeded - change the settings or check the connection. New data will be lost.
2020-09-25 14:21:13 - ERROR - 9772 - [file_event_storage.py] - file_event_storage - 40 - The number of data files has been exceeded - change the settings or check the connection. New data will be lost.
2020-09-25 14:21:14 - ERROR - 9772 - [file_event_storage.py] - file_event_storage - 40 - The number of data files has been exceeded - change the settings or check the connection. New data will be lost.
2020-09-25 14:21:15 - ERROR - 9772 - [file_event_storage.py] - file_event_storage - 40 - The number of data files has been exceeded - change the settings or check the connection. New data will be lost.
2020-09-25 14:21:16 - ERROR - 9772 - [file_event_storage.py] - file_event_storage - 40 - The number of data files has been exceeded - change the settings or check the connection. New data will be lost.
2020-09-25 14:21:17 - ERROR - 9772 - [file_event_storage.py] - file_event_storage - 40 - The number of data files has been exceeded - change the settings or check the connection. New data will be lost.
2020-09-25 14:21:18 - ERROR - 9772 - [file_event_storage.py] - file_event_storage - 40 - The number of data files has been exceeded - change the settings or check the connection. New data will be lost.
2020-09-25 14:21:19 - ERROR - 9772 - [file_event_storage.py] - file_event_storage - 40 - The number of data files has been exceeded - change the settings or check the connection. New data will be lost.
2020-09-25 14:21:20 - ERROR - 9772 - [file_event_storage.py] - file_event_storage - 40 - The number of data files has been exceeded - change the settings or check the connection. New data will be lost.
2020-09-25 14:21:21 - ERROR - 9772 - [file_event_storage.py] - file_event_storage - 40 - The number of data files has been exceeded - change the settings or check the connection. New data will be lost.
2020-09-25 14:21:22 - ERROR - 9772 - [file_event_storage.py] - file_event_storage - 40 - The number of data files has been exceeded - change the settings or check the connection. New data will be lost.
2020-09-25 14:21:23 - ERROR - 9772 - [file_event_storage.py] - file_event_storage - 40 - The number of data files has been exceeded - change the settings or check the connection. New data will be lost.
2020-09-25 14:21:24 - ERROR - 9772 - [file_event_storage.py] - file_event_storage - 40 - The number of data files has been exceeded - change the settings or check the connection. New data will be lost.
2020-09-25 14:21:25 - ERROR - 9772 - [file_event_storage.py] - file_event_storage - 40 - The number of data files has been exceeded - change the settings or check the connection. New data will be lost.
2020-09-25 14:21:26 - ERROR - 9772 - [file_event_storage.py] - file_event_storage - 40 - The number of data files has been exceeded - change the settings or check the connection. New data will be lost.
2020-09-25 14:21:27 - ERROR - 9772 - [file_event_storage.py] - file_event_storage - 40 - The number of data files has been exceeded - change the settings or check the connection. New data will be lost.
2020-09-25 14:21:28 - ERROR - 9772 - [file_event_storage.py] - file_event_storage - 40 - The number of data files has been exceeded - change the settings or check the connection. New data will be lost.
2020-09-25 14:21:29 - ERROR - 9772 - [file_event_storage.py] - file_event_storage - 40 - The number of data files has been exceeded - change the settings or check the connection. New data will be lost.
2020-09-25 14:21:30 - ERROR - 9772 - [file_event_storage.py] - file_event_storage - 40 - The number of data files has been exceeded - change the settings or check the connection. New data will be lost.
2020-09-25 14:21:31 - ERROR - 9772 - [file_event_storage.py] - file_event_storage - 40 - The number of data files has been exceeded - change the settings or check the connection. New data will be lost.
2020-09-25 14:21:32 - ERROR - 9772 - [file_event_storage.py] - file_event_storage - 40 - The number of data files has been exceeded - change the settings or check the connection. New data will be lost.
2020-09-25 14:21:33 - ERROR - 9772 - [file_event_storage.py] - file_event_storage - 40 - The number of data files has been exceeded - change the settings or check the connection. New data will be lost.
2020-09-25 14:21:35 - ERROR - 9772 - [file_event_storage.py] - file_event_storage - 40 - The number of data files has been exceeded - change the settings or check the connection. New data will be lost.
2020-09-25 14:21:36 - ERROR - 9772 - [file_event_storage.py] - file_event_storage - 40 - The number of data files has been exceeded - change the settings or check the connection. New data will be lost.
2020-09-25 14:21:37 - ERROR - 9772 - [file_event_storage.py] - file_event_storage - 40 - The number of data files has been exceeded - change the settings or check the connection. New data will be lost.
2020-09-25 14:21:38 - ERROR - 9772 - [file_event_storage.py] - file_event_storage - 40 - The number of data files has been exceeded - change the settings or check the connection. New data will be lost.
2020-09-25 14:21:39 - ERROR - 9772 - [file_event_storage.py] - file_event_storage - 40 - The number of data files has been exceeded - change the settings or check the connection. New data will be lost.
2020-09-25 14:21:40 - ERROR - 9772 - [file_event_storage.py] - file_event_storage - 40 - The number of data files has been exceeded - change the settings or check the connection. New data will be lost.
2020-09-25 14:21:41 - ERROR - 9772 - [file_event_storage.py] - file_event_storage - 40 - The number of data files has been exceeded - change the settings or check the connection. New data will be lost.
2020-09-25 14:21:42 - ERROR - 9772 - [file_event_storage.py] - file_event_storage - 40 - The number of data files has been exceeded - change the settings or check the connection. New data will be lost.
2020-09-25 14:21:43 - ERROR - 9772 - [file_event_storage.py] - file_event_storage - 40 - The number of data files has been exceeded - change the settings or check the connection. New data will be lost.
2020-09-25 14:21:44 - ERROR - 9772 - [file_event_storage.py] - file_event_storage - 40 - The number of data files has been exceeded - change the settings or check the connection. New data will be lost.
2020-09-25 14:21:45 - ERROR - 9772 - [file_event_storage.py] - file_event_storage - 40 - The number of data files has been exceeded - change the settings or check the connection. New data will be lost.
2020-09-25 14:21:46 - ERROR - 9772 - [file_event_storage.py] - file_event_storage - 40 - The number of data files has been exceeded - change the settings or check the connection. New data will be lost.
2020-09-25 14:21:47 - ERROR - 9772 - [file_event_storage.py] - file_event_storage - 40 - The number of data files has been exceeded - change the settings or check the connection. New data will be lost.
2020-09-25 14:21:48 - ERROR - 9772 - [file_event_storage.py] - file_event_storage - 40 - The number of data files has been exceeded - change the settings or check the connection. New data will be lost.
2020-09-25 14:21:49 - ERROR - 9772 - [file_event_storage.py] - file_event_storage - 40 - The number of data files has been exceeded - change the settings or check the connection. New data will be lost.
2020-09-25 14:21:50 - ERROR - 9772 - [file_event_storage.py] - file_event_storage - 40 - The number of data files has been exceeded - change the settings or check the connection. New data will be lost.
2020-09-25 14:21:51 - ERROR - 9772 - [file_event_storage.py] - file_event_storage - 40 - The number of data files has been exceeded - change the settings or check the connection. New data will be lost.
2020-09-25 14:21:52 - ERROR - 9772 - [file_event_storage.py] - file_event_storage - 40 - The number of data files has been exceeded - change the settings or check the connection. New data will be lost.
2020-09-25 14:21:53 - ERROR - 9772 - [file_event_storage.py] - file_event_storage - 40 - The number of data files has been exceeded - change the settings or check the connection. New data will be lost.
2020-09-25 14:21:54 - ERROR - 9772 - [file_event_storage.py] - file_event_storage - 40 - The number of data files has been exceeded - change the settings or check the connection. New data will be lost.
2020-09-25 14:21:55 - ERROR - 9772 - [file_event_storage.py] - file_event_storage - 40 - The number of data files has been exceeded - change the settings or check the connection. New data will be lost.
2020-09-25 14:21:56 - ERROR - 9772 - [file_event_storage.py] - file_event_storage - 40 - The number of data files has been exceeded - change the settings or check the connection. New data will be lost.
2020-09-25 14:21:57 - ERROR - 9772 - [file_event_storage.py] - file_event_storage - 40 - The number of data files has been exceeded - change the settings or check the connection. New data will be lost.
2020-09-25 14:21:58 - ERROR - 9772 - [file_event_storage.py] - file_event_storage - 40 - The number of data files has been exceeded - change the settings or check the connection. New data will be lost.
2020-09-25 14:21:59 - ERROR - 9772 - [file_event_storage.py] - file_event_storage - 40 - The number of data files has been exceeded - change the settings or check the connection. New data will be lost.
2020-09-25 14:22:00 - ERROR - 9772 - [file_event_storage.py] - file_event_storage - 40 - The number of data files has been exceeded - change the settings or check the connection. New data will be lost.
2020-09-25 14:22:01 - ERROR - 9772 - [file_event_storage.py] - file_event_storage - 40 - The number of data files has been exceeded - change the settings or check the connection. New data will be lost.
2020-09-25 14:22:02 - ERROR - 9772 - [file_event_storage.py] - file_event_storage - 40 - The number of data files has been exceeded - change the settings or check the connection. New data will be lost.
2020-09-25 14:22:03 - ERROR - 9772 - [file_event_storage.py] - file_event_storage - 40 - The number of data files has been exceeded - change the settings or check the connection. New data will be lost.
2020-09-25 14:22:04 - ERROR - 9772 - [file_event_storage.py] - file_event_storage - 40 - The number of data files has been exceeded - change the settings or check the connection. New data will be lost.
2020-09-25 14:22:05 - ERROR - 9772 - [file_event_storage.py] - file_event_storage - 40 - The number of data files has been exceeded - change the settings or check the connection. New data will be lost.
2020-09-25 14:22:06 - ERROR - 9772 - [file_event_storage.py] - file_event_storage - 40 - The number of data files has been exceeded - change the settings or check the connection. New data will be lost.
2020-09-25 14:22:07 - ERROR - 9772 - [file_event_storage.py] - file_event_storage - 40 - The number of data files has been exceeded - change the settings or check the connection. New data will be lost.
2020-09-25 14:22:08 - ERROR - 9772 - [file_event_storage.py] - file_event_storage - 40 - The number of data files has been exceeded - change the settings or check the connection. New data will be lost.
2020-09-25 14:22:09 - ERROR - 9772 - [file_event_storage.py] - file_event_storage - 40 - The number of data files has been exceeded - change the settings or check the connection. New data will be lost.
2020-09-25 14:22:10 - ERROR - 9772 - [file_event_storage.py] - file_event_storage - 40 - The number of data files has been exceeded - change the settings or check the connection. New data will be lost.
2020-09-25 14:22:11 - ERROR - 9772 - [file_event_storage.py] - file_event_storage - 40 - The number of data files has been exceeded - change the settings or check the connection. New data will be lost.
2020-09-25 14:22:12 - ERROR - 9772 - [file_event_storage.py] - file_event_storage - 40 - The number of data files has been exceeded - change the settings or check the connection. New data will be lost.
2020-09-25 14:22:13 - ERROR - 9772 - [file_event_storage.py] - file_event_storage - 40 - The number of data files has been exceeded - change the settings or check the connection. New data will be lost.
2020-09-25 14:22:14 - ERROR - 9772 - [file_event_storage.py] - file_event_storage - 40 - The number of data files has been exceeded - change the settings or check the connection. New data will be lost.
2020-09-25 14:22:15 - ERROR - 9772 - [file_event_storage.py] - file_event_storage - 40 - The number of data files has been exceeded - change the settings or check the connection. New data will be lost.
2020-09-25 14:22:16 - ERROR - 9772 - [file_event_storage.py] - file_event_storage - 40 - The number of data files has been exceeded - change the settings or check the connection. New data will be lost.
2020-09-25 14:22:17 - ERROR - 9772 - [file_event_storage.py] - file_event_storage - 40 - The number of data files has been exceeded - change the settings or check the connection. New data will be lost.
2020-09-25 14:22:18 - ERROR - 9772 - [file_event_storage.py] - file_event_storage - 40 - The number of data files has been exceeded - change the settings or check the connection. New data will be lost.
2020-09-25 14:22:19 - ERROR - 9772 - [file_event_storage.py] - file_event_storage - 40 - The number of data files has been exceeded - change the settings or check the connection. New data will be lost.
2020-09-25 14:22:20 - ERROR - 9772 - [file_event_storage.py] - file_event_storage - 40 - The number of data files has been exceeded - change the settings or check the connection. New data will be lost.
2020-09-25 14:22:21 - ERROR - 9772 - [file_event_storage.py] - file_event_storage - 40 - The number of data files has been exceeded - change the settings or check the connection. New data will be lost.
2020-09-25 14:22:22 - ERROR - 9772 - [file_event_storage.py] - file_event_storage - 40 - The number of data files has been exceeded - change the settings or check the connection. New data will be lost.
2020-09-25 14:22:23 - ERROR - 9772 - [file_event_storage.py] - file_event_storage - 40 - The number of data files has been exceeded - change the settings or check the connection. New data will be lost.
2020-09-25 14:22:24 - ERROR - 9772 - [file_event_storage.py] - file_event_storage - 40 - The number of data files has been exceeded - change the settings or check the connection. New data will be lost.
2020-09-25 14:22:25 - ERROR - 9772 - [file_event_storage.py] - file_event_storage - 40 - The number of data files has been exceeded - change the settings or check the connection. New data will be lost.
2020-09-25 14:22:26 - ERROR - 9772 - [file_event_storage.py] - file_event_storage - 40 - The number of data files has been exceeded - change the settings or check the connection. New data will be lost.
2020-09-25 14:22:27 - ERROR - 9772 - [file_event_storage.py] - file_event_storage - 40 - The number of data files has been exceeded - change the settings or check the connection. New data will be lost.
2020-09-25 14:22:28 - ERROR - 9772 - [file_event_storage.py] - file_event_storage - 40 - The number of data files has been exceeded - change the settings or check the connection. New data will be lost.
2020-09-25 14:22:29 - ERROR - 9772 - [file_event_storage.py] - file_event_storage - 40 - The number of data files has been exceeded - change the settings or check the connection. New data will be lost.
2020-09-25 14:22:30 - ERROR - 9772 - [file_event_storage.py] - file_event_storage - 40 - The number of data files has been exceeded - change the settings or check the connection. New data will be lost.
2020-09-25 14:22:31 - ERROR - 9772 - [file_event_storage.py] - file_event_storage - 40 - The number of data files has been exceeded - change the settings or check the connection. New data will be lost.
2020-09-25 14:22:32 - ERROR - 9772 - [file_event_storage.py] - file_event_storage - 40 - The number of data files has been exceeded - change the settings or check the connection. New data will be lost.
2020-09-25 14:22:33 - ERROR - 9772 - [file_event_storage.py] - file_event_storage - 40 - The number of data files has been exceeded - change the settings or check the connection. New data will be lost.
2020-09-25 14:22:34 - ERROR - 9772 - [file_event_storage.py] - file_event_storage - 40 - The number of data files has been exceeded - change the settings or check the connection. New data will be lost.
2020-09-25 14:22:35 - ERROR - 9772 - [file_event_storage.py] - file_event_storage - 40 - The number of data files has been exceeded - change the settings or check the connection. New data will be lost.
2020-09-25 14:22:36 - ERROR - 9772 - [file_event_storage.py] - file_event_storage - 40 - The number of data files has been exceeded - change the settings or check the connection. New data will be lost.
2020-09-25 14:22:37 - ERROR - 9772 - [file_event_storage.py] - file_event_storage - 40 - The number of data files has been exceeded - change the settings or check the connection. New data will be lost.
2020-09-25 14:22:38 - ERROR - 9772 - [file_event_storage.py] - file_event_storage - 40 - The number of data files has been exceeded - change the settings or check the connection. New data will be lost.
2020-09-25 14:22:39 - ERROR - 9772 - [file_event_storage.py] - file_event_storage - 40 - The number of data files has been exceeded - change the settings or check the connection. New data will be lost.
2020-09-25 14:22:40 - ERROR - 9772 - [file_event_storage.py] - file_event_storage - 40 - The number of data files has been exceeded - change the settings or check the connection. New data will be lost.
2020-09-25 14:22:41 - ERROR - 9772 - [file_event_storage.py] - file_event_storage - 40 - The number of data files has been exceeded - change the settings or check the connection. New data will be lost.
2020-09-25 14:22:42 - ERROR - 9772 - [file_event_storage.py] - file_event_storage - 40 - The number of data files has been exceeded - change the settings or check the connection. New data will be lost.
2020-09-25 14:22:43 - ERROR - 9772 - [file_event_storage.py] - file_event_storage - 40 - The number of data files has been exceeded - change the settings or check the connection. New data will be lost.
2020-09-25 14:22:44 - ERROR - 9772 - [file_event_storage.py] - file_event_storage - 40 - The number of data files has been exceeded - change the settings or check the connection. New data will be lost.
2020-09-25 14:22:45 - ERROR - 9772 - [file_event_storage.py] - file_event_storage - 40 - The number of data files has been exceeded - change the settings or check the connection. New data will be lost.
2020-09-25 14:22:46 - ERROR - 9772 - [file_event_storage.py] - file_event_storage - 40 - The number of data files has been exceeded - change the settings or check the connection. New data will be lost.
2020-09-25 14:22:47 - ERROR - 9772 - [file_event_storage.py] - file_event_storage - 40 - The number of data files has been exceeded - change the settings or check the connection. New data will be lost.
2020-09-25 14:22:48 - ERROR - 9772 - [file_event_storage.py] - file_event_storage - 40 - The number of data files has been exceeded - change the settings or check the connection. New data will be lost.
2020-09-25 14:22:49 - ERROR - 9772 - [file_event_storage.py] - file_event_storage - 40 - The number of data files has been exceeded - change the settings or check the connection. New data will be lost.
2020-09-25 14:22:50 - ERROR - 9772 - [file_event_storage.py] - file_event_storage - 40 - The number of data files has been exceeded - change the settings or check the connection. New data will be lost.
2020-09-25 14:22:51 - ERROR - 9772 - [file_event_storage.py] - file_event_storage - 40 - The number of data files has been exceeded - change the settings or check the connection. New data will be lost.
2020-09-25 14:22:52 - ERROR - 9772 - [file_event_storage.py] - file_event_storage - 40 - The number of data files has been exceeded - change the settings or check the connection. New data will be lost.
2020-09-25 14:22:53 - ERROR - 9772 - [file_event_storage.py] - file_event_storage - 40 - The number of data files has been exceeded - change the settings or check the connection. New data will be lost.
2020-09-25 14:22:54 - ERROR - 9772 - [file_event_storage.py] - file_event_storage - 40 - The number of data files has been exceeded - change the settings or check the connection. New data will be lost.
2020-09-25 14:22:55 - ERROR - 9772 - [file_event_storage.py] - file_event_storage - 40 - The number of data files has been exceeded - change the settings or check the connection. New data will be lost.
2020-09-25 14:22:56 - ERROR - 9772 - [file_event_storage.py] - file_event_storage - 40 - The number of data files has been exceeded - change the settings or check the connection. New data will be lost.
2020-09-25 14:22:57 - ERROR - 9772 - [file_event_storage.py] - file_event_storage - 40 - The number of data files has been exceeded - change the settings or check the connection. New data will be lost.
2020-09-25 14:22:58 - ERROR - 9772 - [file_event_storage.py] - file_event_storage - 40 - The number of data files has been exceeded - change the settings or check the connection. New data will be lost.
2020-09-25 14:22:59 - ERROR - 9772 - [file_event_storage.py] - file_event_storage - 40 - The number of data files has been exceeded - change the settings or check the connection. New data will be lost.
2020-09-25 14:23:00 - ERROR - 9772 - [file_event_storage.py] - file_event_storage - 40 - The number of data files has been exceeded - change the settings or check the connection. New data will be lost.
2020-09-25 14:23:01 - ERROR - 9772 - [file_event_storage.py] - file_event_storage - 40 - The number of data files has been exceeded - change the settings or check the connection. New data will be lost.
2020-09-25 14:23:02 - ERROR - 9772 - [file_event_storage.py] - file_event_storage - 40 - The number of data files has been exceeded - change the settings or check the connection. New data will be lost.
2020-09-25 14:23:03 - ERROR - 9772 - [file_event_storage.py] - file_event_storage - 40 - The number of data files has been exceeded - change the settings or check the connection. New data will be lost.
2020-09-25 14:23:04 - ERROR - 9772 - [file_event_storage.py] - file_event_storage - 40 - The number of data files has been exceeded - change the settings or check the connection. New data will be lost.
2020-09-25 14:23:05 - ERROR - 9772 - [file_event_storage.py] - file_event_storage - 40 - The number of data files has been exceeded - change the settings or check the connection. New data will be lost.
2020-09-25 14:23:06 - ERROR - 9772 - [file_event_storage.py] - file_event_storage - 40 - The number of data files has been exceeded - change the settings or check the connection. New data will be lost.
2020-09-25 14:23:07 - ERROR - 9772 - [file_event_storage.py] - file_event_storage - 40 - The number of data files has been exceeded - change the settings or check the connection. New data will be lost.
2020-09-25 14:23:08 - ERROR - 9772 - [file_event_storage.py] - file_event_storage - 40 - The number of data files has been exceeded - change the settings or check the connection. New data will be lost.
2020-09-25 14:23:09 - ERROR - 9772 - [file_event_storage.py] - file_event_storage - 40 - The number of data files has been exceeded - change the settings or check the connection. New data will be lost.
2020-09-25 14:23:10 - ERROR - 9772 - [file_event_storage.py] - file_event_storage - 40 - The number of data files has been exceeded - change the settings or check the connection. New data will be lost.
2020-09-25 14:23:11 - ERROR - 9772 - [file_event_storage.py] - file_event_storage - 40 - The number of data files has been exceeded - change the settings or check the connection. New data will be lost.
2020-09-25 14:23:12 - ERROR - 9772 - [file_event_storage.py] - file_event_storage - 40 - The number of data files has been exceeded - change the settings or check the connection. New data will be lost.
2020-09-25 14:23:13 - ERROR - 9772 - [file_event_storage.py] - file_event_storage - 40 - The number of data files has been exceeded - change the settings or check the connection. New data will be lost.
2020-09-25 14:23:14 - ERROR - 9772 - [file_event_storage.py] - file_event_storage - 40 - The number of data files has been exceeded - change the settings or check the connection. New data will be lost.
2020-09-25 14:23:16 - INFO - 12324 - [event_storage_reader.py] - event_storage_reader - 156 - FileStorage_reader -- Initializing from state file: [./data/data_1601014690840.txt:1]
2020-09-25 14:23:17 - ERROR - 13968 - [file_event_storage.py] - file_event_storage - 40 - The number of data files has been exceeded - change the settings or check the connection. New data will be lost.
2020-09-25 14:23:18 - ERROR - 13968 - [file_event_storage.py] - file_event_storage - 40 - The number of data files has been exceeded - change the settings or check the connection. New data will be lost.
2020-09-25 14:23:19 - ERROR - 13968 - [file_event_storage.py] - file_event_storage - 40 - The number of data files has been exceeded - change the settings or check the connection. New data will be lost.
2020-09-25 14:23:20 - ERROR - 13968 - [file_event_storage.py] - file_event_storage - 40 - The number of data files has been exceeded - change the settings or check the connection. New data will be lost.
2020-09-25 14:23:21 - ERROR - 13968 - [file_event_storage.py] - file_event_storage - 40 - The number of data files has been exceeded - change the settings or check the connection. New data will be lost.
2020-09-25 14:23:22 - ERROR - 13968 - [file_event_storage.py] - file_event_storage - 40 - The number of data files has been exceeded - change the settings or check the connection. New data will be lost.
2020-09-25 14:23:23 - ERROR - 13968 - [file_event_storage.py] - file_event_storage - 40 - The number of data files has been exceeded - change the settings or check the connection. New data will be lost.
2020-09-25 14:23:24 - ERROR - 13968 - [file_event_storage.py] - file_event_storage - 40 - The number of data files has been exceeded - change the settings or check the connection. New data will be lost.
2020-09-25 14:23:25 - ERROR - 13968 - [file_event_storage.py] - file_event_storage - 40 - The number of data files has been exceeded - change the settings or check the connection. New data will be lost.
2020-09-25 14:23:32 - INFO - 3892 - [event_storage_reader.py] - event_storage_reader - 156 - FileStorage_reader -- Initializing from state file: [./data/data_1601015012547.txt:0]
2020-09-25 14:25:13 - ERROR - 17928 - [event_storage_reader.py] - event_storage_reader - 180 - [WinError 32] 另一个程序正在使用此文件，进程无法访问。: './data/data_1601015012547.txt'
Traceback (most recent call last):
  File "D:\Project\wthings-gateway\wthings_gateway\storage\event_storage_reader.py", line 175, in delete_read_file
    remove(self.settings.get_data_folder_path() + current_file.file)
PermissionError: [WinError 32] 另一个程序正在使用此文件，进程无法访问。: './data/data_1601015012547.txt'
2020-09-25 14:26:54 - ERROR - 17928 - [event_storage_reader.py] - event_storage_reader - 180 - [WinError 32] 另一个程序正在使用此文件，进程无法访问。: './data/data_1601015113602.txt'
Traceback (most recent call last):
  File "D:\Project\wthings-gateway\wthings_gateway\storage\event_storage_reader.py", line 175, in delete_read_file
    remove(self.settings.get_data_folder_path() + current_file.file)
PermissionError: [WinError 32] 另一个程序正在使用此文件，进程无法访问。: './data/data_1601015113602.txt'
2020-09-25 14:28:21 - INFO - 16992 - [event_storage_reader.py] - event_storage_reader - 155 - FileStorage_reader -- Initializing from state file: [./data/data_1601015214207.txt:86]
2020-09-25 14:28:36 - ERROR - 17204 - [event_storage_reader.py] - event_storage_reader - 179 - [WinError 32] 另一个程序正在使用此文件，进程无法访问。: './data/data_1601015214207.txt'
Traceback (most recent call last):
  File "D:\Project\wthings-gateway\wthings_gateway\storage\event_storage_reader.py", line 174, in delete_read_file
    remove(self.settings.get_data_folder_path() + current_file.file)
PermissionError: [WinError 32] 另一个程序正在使用此文件，进程无法访问。: './data/data_1601015214207.txt'
2020-09-25 14:30:16 - ERROR - 17204 - [event_storage_reader.py] - event_storage_reader - 179 - [WinError 32] 另一个程序正在使用此文件，进程无法访问。: './data/data_1601015316392.txt'
Traceback (most recent call last):
  File "D:\Project\wthings-gateway\wthings_gateway\storage\event_storage_reader.py", line 174, in delete_read_file
    remove(self.settings.get_data_folder_path() + current_file.file)
PermissionError: [WinError 32] 另一个程序正在使用此文件，进程无法访问。: './data/data_1601015316392.txt'
2020-09-25 14:32:35 - INFO - 12408 - [event_storage_reader.py] - event_storage_reader - 155 - FileStorage_reader -- Initializing from state file: [./data/data_1601015416834.txt:12]
2020-09-25 14:34:04 - ERROR - 18380 - [event_storage_reader.py] - event_storage_reader - 179 - [WinError 32] 另一个程序正在使用此文件，进程无法访问。: './data/data_1601015416834.txt'
Traceback (most recent call last):
  File "D:\Project\wthings-gateway\wthings_gateway\storage\event_storage_reader.py", line 174, in delete_read_file
    remove(self.settings.get_data_folder_path() + current_file.file)
PermissionError: [WinError 32] 另一个程序正在使用此文件，进程无法访问。: './data/data_1601015416834.txt'
2020-09-25 14:42:52 - INFO - 8392 - [event_storage_reader.py] - event_storage_reader - 155 - FileStorage_reader -- Initializing from state file: [./data/data_1601016172023.txt:0]
2020-09-25 14:44:33 - ERROR - 16420 - [event_storage_reader.py] - event_storage_reader - 179 - [WinError 32] 另一个程序正在使用此文件，进程无法访问。: './data/data_1601016172023.txt'
Traceback (most recent call last):
  File "D:/Project/wthings-gateway\wthings_gateway\storage\event_storage_reader.py", line 174, in delete_read_file
    remove(self.settings.get_data_folder_path() + current_file.file)
PermissionError: [WinError 32] 另一个程序正在使用此文件，进程无法访问。: './data/data_1601016172023.txt'
2020-09-25 14:45:59 - INFO - 16540 - [event_storage_reader.py] - event_storage_reader - 156 - FileStorage_reader -- Initializing from state file: [./data/data_1601016273002.txt:10]
2020-09-25 14:47:30 - INFO - 16420 - [event_storage_reader.py] - event_storage_reader - 178 - FileStorage_reader -- Cleanup old data file: ./data/data_1601016273002.txt!
2020-09-25 14:48:43 - INFO - 2832 - [event_storage_reader.py] - event_storage_reader - 156 - FileStorage_reader -- Initializing from state file: [./data/data_1601016523651.txt:0]
2020-09-25 14:50:24 - INFO - 18160 - [event_storage_reader.py] - event_storage_reader - 178 - FileStorage_reader -- Cleanup old data file: ./data/data_1601016523651.txt!
2020-09-25 14:52:05 - INFO - 18160 - [event_storage_reader.py] - event_storage_reader - 178 - FileStorage_reader -- Cleanup old data file: ./data/data_1601016624578.txt!
2020-09-25 14:53:45 - INFO - 18160 - [event_storage_reader.py] - event_storage_reader - 178 - FileStorage_reader -- Cleanup old data file: ./data/data_1601016725093.txt!
2020-09-25 14:55:26 - INFO - 18160 - [event_storage_reader.py] - event_storage_reader - 178 - FileStorage_reader -- Cleanup old data file: ./data/data_1601016825576.txt!
2020-09-25 14:57:06 - INFO - 18160 - [event_storage_reader.py] - event_storage_reader - 178 - FileStorage_reader -- Cleanup old data file: ./data/data_1601016926076.txt!
2020-09-25 14:58:47 - INFO - 18160 - [event_storage_reader.py] - event_storage_reader - 178 - FileStorage_reader -- Cleanup old data file: ./data/data_1601017026577.txt!
2020-09-25 15:00:27 - INFO - 18160 - [event_storage_reader.py] - event_storage_reader - 178 - FileStorage_reader -- Cleanup old data file: ./data/data_1601017127082.txt!
2020-09-25 15:02:08 - INFO - 18160 - [event_storage_reader.py] - event_storage_reader - 178 - FileStorage_reader -- Cleanup old data file: ./data/data_1601017227560.txt!
2020-09-25 15:06:12 - INFO - 18160 - [event_storage_reader.py] - event_storage_reader - 178 - FileStorage_reader -- Cleanup old data file: ./data/data_1601017328095.txt!
2020-09-25 15:06:12 - INFO - 18160 - [event_storage_reader.py] - event_storage_reader - 178 - FileStorage_reader -- Cleanup old data file: ./data/data_1601017428654.txt!
2020-09-25 15:07:09 - INFO - 18160 - [event_storage_reader.py] - event_storage_reader - 178 - FileStorage_reader -- Cleanup old data file: ./data/data_1601017529116.txt!
2020-09-25 15:08:50 - INFO - 18160 - [event_storage_reader.py] - event_storage_reader - 178 - FileStorage_reader -- Cleanup old data file: ./data/data_1601017629700.txt!
2020-09-25 15:10:30 - INFO - 18160 - [event_storage_reader.py] - event_storage_reader - 178 - FileStorage_reader -- Cleanup old data file: ./data/data_1601017730243.txt!
2020-09-25 15:12:11 - INFO - 18160 - [event_storage_reader.py] - event_storage_reader - 178 - FileStorage_reader -- Cleanup old data file: ./data/data_1601017830844.txt!
2020-09-25 15:13:51 - INFO - 18160 - [event_storage_reader.py] - event_storage_reader - 178 - FileStorage_reader -- Cleanup old data file: ./data/data_1601017931434.txt!
2020-09-25 15:15:32 - INFO - 18160 - [event_storage_reader.py] - event_storage_reader - 178 - FileStorage_reader -- Cleanup old data file: ./data/data_1601018031979.txt!
2020-09-25 15:17:13 - INFO - 18160 - [event_storage_reader.py] - event_storage_reader - 178 - FileStorage_reader -- Cleanup old data file: ./data/data_1601018132603.txt!
2020-09-25 15:18:53 - INFO - 18160 - [event_storage_reader.py] - event_storage_reader - 178 - FileStorage_reader -- Cleanup old data file: ./data/data_1601018233151.txt!
2020-09-25 15:20:34 - INFO - 18160 - [event_storage_reader.py] - event_storage_reader - 178 - FileStorage_reader -- Cleanup old data file: ./data/data_1601018333685.txt!
2020-09-25 15:22:14 - INFO - 18160 - [event_storage_reader.py] - event_storage_reader - 178 - FileStorage_reader -- Cleanup old data file: ./data/data_1601018434257.txt!
2020-09-25 15:23:55 - INFO - 18160 - [event_storage_reader.py] - event_storage_reader - 178 - FileStorage_reader -- Cleanup old data file: ./data/data_1601018534778.txt!
2020-09-25 15:25:26 - INFO - 13012 - [event_storage_reader.py] - event_storage_reader - 155 - FileStorage_reader -- Initializing from state file: [./data/data_1601018635346.txt:90]
2020-09-25 15:28:15 - INFO - 15280 - [event_storage_reader.py] - event_storage_reader - 155 - FileStorage_reader -- Initializing from state file: [./data/data_1601018635346.txt:121]
2020-09-25 15:28:34 - INFO - 8680 - [event_storage_reader.py] - event_storage_reader - 155 - FileStorage_reader -- Initializing from state file: [./data/data_1601018635346.txt:121]
2020-09-25 15:29:01 - INFO - 15524 - [event_storage_reader.py] - event_storage_reader - 155 - FileStorage_reader -- Initializing from state file: [./data/data_1601018635346.txt:121]
2020-09-25 15:30:25 - INFO - 16360 - [event_storage_reader.py] - event_storage_reader - 155 - FileStorage_reader -- Initializing from state file: [./data/data_1601018635346.txt:121]
2020-09-25 15:30:42 - INFO - 16208 - [event_storage_reader.py] - event_storage_reader - 155 - FileStorage_reader -- Initializing from state file: [./data/data_1601018635346.txt:121]
2020-09-25 15:32:37 - INFO - 17520 - [event_storage_reader.py] - event_storage_reader - 155 - FileStorage_reader -- Initializing from state file: [./data/data_1601018635346.txt:232]
2020-09-25 15:32:48 - INFO - 16848 - [event_storage_reader.py] - event_storage_reader - 155 - FileStorage_reader -- Initializing from state file: [./data/data_1601018635346.txt:240]
2020-09-25 15:34:33 - INFO - 2192 - [event_storage_reader.py] - event_storage_reader - 155 - FileStorage_reader -- Initializing from state file: [./data/data_1601018635346.txt:338]
2020-09-25 15:35:49 - INFO - 14780 - [event_storage_reader.py] - event_storage_reader - 155 - FileStorage_reader -- Initializing from state file: [./data/data_1601018635346.txt:338]
2020-09-25 15:36:46 - INFO - 14544 - [event_storage_reader.py] - event_storage_reader - 155 - FileStorage_reader -- Initializing from state file: [./data/data_1601018635346.txt:338]
2020-09-25 15:37:45 - INFO - 13988 - [event_storage_reader.py] - event_storage_reader - 155 - FileStorage_reader -- Initializing from state file: [./data/data_1601018635346.txt:391]
2020-09-25 15:37:57 - INFO - 17288 - [event_storage_reader.py] - event_storage_reader - 155 - FileStorage_reader -- Initializing from state file: [./data/data_1601018635346.txt:402]
2020-09-25 15:38:53 - INFO - 14660 - [event_storage_reader.py] - event_storage_reader - 155 - FileStorage_reader -- Initializing from state file: [./data/data_1601018635346.txt:402]
2020-09-25 15:39:38 - INFO - 12792 - [event_storage_reader.py] - event_storage_reader - 155 - FileStorage_reader -- Initializing from state file: [./data/data_1601018635346.txt:402]
2020-09-25 15:40:47 - INFO - 6204 - [event_storage_reader.py] - event_storage_reader - 155 - FileStorage_reader -- Initializing from state file: [./data/data_1601018635346.txt:402]
2020-09-25 15:41:07 - INFO - 3288 - [event_storage_reader.py] - event_storage_reader - 155 - FileStorage_reader -- Initializing from state file: [./data/data_1601018635346.txt:402]
2020-09-25 15:41:16 - INFO - 12188 - [event_storage_reader.py] - event_storage_reader - 155 - FileStorage_reader -- Initializing from state file: [./data/data_1601018635346.txt:405]
2020-09-25 15:41:37 - INFO - 15812 - [event_storage_reader.py] - event_storage_reader - 155 - FileStorage_reader -- Initializing from state file: [./data/data_1601018635346.txt:423]
2020-09-25 15:47:55 - INFO - 14632 - [event_storage_reader.py] - event_storage_reader - 155 - FileStorage_reader -- Initializing from state file: [./data/data_1601018635346.txt:797]
